{"uuid":"5abb70c2-b5c5-4bff-aada-26c785053c8f","historyId":"390dbfe86d9679b08e0f54777e1163db","fullName":"VacuumCleanerPageTest.addToBasket","labels":[{"name":"package","value":"VacuumCleanerPageTest"},{"name":"testClass","value":"VacuumCleanerPageTest"},{"name":"testMethod","value":"addToBasket"},{"name":"parentSuite","value":"Default Suite"},{"name":"suite","value":"helloworld"},{"name":"subSuite","value":"VacuumCleanerPageTest"},{"name":"host","value":"MacBook-Pro-Vladislav.local"},{"name":"thread","value":"68464@MacBook-Pro-Vladislav.local.main(1)"}],"links":[],"name":"addToBasket","status":"broken","statusDetails":{"known":false,"muted":false,"flaky":false,"message":"Expected condition failed: waiting for element to be clickable: By.xpath: /html/body/div[1]/div[4]/div[2]/div[1]/div[2]/div/div[1]/div[1]/div[1]/div/div/a/i[1] (tried for 40 second(s) with 500 milliseconds interval)","trace":"org.openqa.selenium.TimeoutException: Expected condition failed: waiting for element to be clickable: By.xpath: /html/body/div[1]/div[4]/div[2]/div[1]/div[2]/div/div[1]/div[1]/div[1]/div/div/a/i[1] (tried for 40 second(s) with 500 milliseconds interval)\n\tat org.openqa.selenium.support.ui.WebDriverWait.timeoutException(WebDriverWait.java:95)\n\tat org.openqa.selenium.support.ui.FluentWait.until(FluentWait.java:272)\n\tat utils.GlobalMethods.clickElemByXPath(GlobalMethods.java:45)\n\tat VacuumCleanerSearchPage.addToDeferred(VacuumCleanerSearchPage.java:30)\n\tat VacuumCleanerPageTest.addToBasket(VacuumCleanerPageTest.java:40)\n\tat java.base/jdk.internal.reflect.NativeMethodAccessorImpl.invoke0(Native Method)\n\tat java.base/jdk.internal.reflect.NativeMethodAccessorImpl.invoke(NativeMethodAccessorImpl.java:62)\n\tat java.base/jdk.internal.reflect.DelegatingMethodAccessorImpl.invoke(DelegatingMethodAccessorImpl.java:43)\n\tat java.base/java.lang.reflect.Method.invoke(Method.java:566)\n\tat org.testng.internal.MethodInvocationHelper.invokeMethod(MethodInvocationHelper.java:131)\n\tat org.testng.internal.Invoker.invokeMethod(Invoker.java:658)\n\tat org.testng.internal.Invoker.invokeTestMethod(Invoker.java:792)\n\tat org.testng.internal.Invoker.invokeTestMethods(Invoker.java:1103)\n\tat org.testng.internal.TestMethodWorker.invokeTestMethods(TestMethodWorker.java:140)\n\tat org.testng.internal.TestMethodWorker.run(TestMethodWorker.java:122)\n\tat org.testng.TestRunner.privateRun(TestRunner.java:739)\n\tat org.testng.TestRunner.run(TestRunner.java:589)\n\tat org.testng.SuiteRunner.runTest(SuiteRunner.java:398)\n\tat org.testng.SuiteRunner.runSequentially(SuiteRunner.java:392)\n\tat org.testng.SuiteRunner.privateRun(SuiteRunner.java:354)\n\tat org.testng.SuiteRunner.run(SuiteRunner.java:302)\n\tat org.testng.SuiteRunnerWorker.runSuite(SuiteRunnerWorker.java:53)\n\tat org.testng.SuiteRunnerWorker.run(SuiteRunnerWorker.java:96)\n\tat org.testng.TestNG.runSuitesSequentially(TestNG.java:1145)\n\tat org.testng.TestNG.runSuitesLocally(TestNG.java:1067)\n\tat org.testng.TestNG.runSuites(TestNG.java:997)\n\tat org.testng.TestNG.run(TestNG.java:965)\n\tat org.testng.IDEARemoteTestNG.run(IDEARemoteTestNG.java:73)\n\tat org.testng.RemoteTestNGStarter.main(RemoteTestNGStarter.java:123)\nCaused by: org.openqa.selenium.NoSuchElementException: Unable to locate element: {\"method\":\"xpath\",\"selector\":\"/html/body/div[1]/div[4]/div[2]/div[1]/div[2]/div/div[1]/div[1]/div[1]/div/div/a/i[1]\"}\nCommand duration or timeout: 0 milliseconds\n\tat jdk.internal.reflect.GeneratedConstructorAccessor11.newInstance(Unknown Source)\n\tat java.base/jdk.internal.reflect.DelegatingConstructorAccessorImpl.newInstance(DelegatingConstructorAccessorImpl.java:45)\n\tat java.base/java.lang.reflect.Constructor.newInstance(Constructor.java:490)\n\tat org.openqa.selenium.remote.ErrorHandler.createThrowable(ErrorHandler.java:214)\n\tat org.openqa.selenium.remote.ErrorHandler.throwIfResponseFailed(ErrorHandler.java:166)\n\tat org.openqa.selenium.remote.http.JsonHttpResponseCodec.reconstructValue(JsonHttpResponseCodec.java:40)\n\tat org.openqa.selenium.remote.http.AbstractHttpResponseCodec.decode(AbstractHttpResponseCodec.java:80)\n\tat org.openqa.selenium.remote.http.AbstractHttpResponseCodec.decode(AbstractHttpResponseCodec.java:44)\n\tat org.openqa.selenium.remote.HttpCommandExecutor.execute(HttpCommandExecutor.java:158)\n\tat org.openqa.selenium.remote.service.DriverCommandExecutor.execute(DriverCommandExecutor.java:83)\n\tat org.openqa.selenium.remote.RemoteWebDriver.execute(RemoteWebDriver.java:552)\n\tat org.openqa.selenium.remote.RemoteWebDriver.findElement(RemoteWebDriver.java:323)\n\tat org.openqa.selenium.remote.RemoteWebDriver.findElementByXPath(RemoteWebDriver.java:428)\n\tat org.openqa.selenium.By$ByXPath.findElement(By.java:353)\n\tat org.openqa.selenium.remote.RemoteWebDriver.findElement(RemoteWebDriver.java:315)\n\tat org.openqa.selenium.support.ui.ExpectedConditions$7.apply(ExpectedConditions.java:205)\n\tat org.openqa.selenium.support.ui.ExpectedConditions$7.apply(ExpectedConditions.java:201)\n\tat org.openqa.selenium.support.ui.ExpectedConditions$22.apply(ExpectedConditions.java:641)\n\tat org.openqa.selenium.support.ui.ExpectedConditions$22.apply(ExpectedConditions.java:638)\n\tat org.openqa.selenium.support.ui.FluentWait.until(FluentWait.java:249)\n\t... 27 more\nCaused by: org.openqa.selenium.NoSuchElementException: Unable to locate element: {\"method\":\"xpath\",\"selector\":\"/html/body/div[1]/div[4]/div[2]/div[1]/div[2]/div/div[1]/div[1]/div[1]/div/div/a/i[1]\"}\nFor documentation on this error, please visit: https://www.seleniumhq.org/exceptions/no_such_element.html\nBuild info: version: '3.141.59', revision: 'e82be7d358', time: '2018-11-14T08:25:48'\nSystem info: host: 'MacBook-Pro-Vladislav.local', ip: 'fe80:0:0:0:10d1:f5da:ee35:1733%en0', os.name: 'Mac OS X', os.arch: 'x86_64', os.version: '10.12.6', java.version: '11.0.1'\nDriver info: driver.version: unknown\n\tat <anonymous class>.FirefoxDriver.prototype.findElementInternal_(jar:file:///var/folders/hs/j4h9s915787chtx419kwxcn00000gn/T/anonymous17054041505499358752webdriver-profile/extensions/fxdriver@googlecode.com.xpi!/components/driver-component.js:11885)\n\tat <anonymous class>.FirefoxDriver.prototype.findElement(jar:file:///var/folders/hs/j4h9s915787chtx419kwxcn00000gn/T/anonymous17054041505499358752webdriver-profile/extensions/fxdriver@googlecode.com.xpi!/components/driver-component.js:11894)\n\tat <anonymous class>.DelayedCommand.prototype.executeInternal_/k(jar:file:///var/folders/hs/j4h9s915787chtx419kwxcn00000gn/T/anonymous17054041505499358752webdriver-profile/extensions/fxdriver@googlecode.com.xpi!/components/command-processor.js:13395)\n\tat <anonymous class>.DelayedCommand.prototype.executeInternal_(jar:file:///var/folders/hs/j4h9s915787chtx419kwxcn00000gn/T/anonymous17054041505499358752webdriver-profile/extensions/fxdriver@googlecode.com.xpi!/components/command-processor.js:13400)\n\tat <anonymous class>.DelayedCommand.prototype.execute/<(jar:file:///var/folders/hs/j4h9s915787chtx419kwxcn00000gn/T/anonymous17054041505499358752webdriver-profile/extensions/fxdriver@googlecode.com.xpi!/components/command-processor.js:13342)\n"},"stage":"finished","description":"Login, add to the basket.","start":1544974897843,"stop":1544974958161,"parameters":[]}